[2025-07-19 20:14:57] [INFO] Commande chargée : ouvrir
[2025-07-19 20:14:57] [INFO] Evénement chargé : interactionCreate
[2025-07-19 20:14:57] [INFO] Evénement chargé : ready
[2025-07-19 20:14:57] [ERREUR] Erreur lors de la connexion au bot : Error [TokenInvalid]: An invalid token was provided.
[2025-07-19 20:15:34] [INFO] Commande chargée : ouvrir
[2025-07-19 20:15:34] [INFO] Evénement chargé : interactionCreate
[2025-07-19 20:15:34] [INFO] Evénement chargé : ready
[2025-07-19 20:15:36] [INFO] Connexion réussie au bot NXST Tickets !
[2025-07-19 20:25:27] [INFO] Commande chargée : ouvrir
[2025-07-19 20:25:27] [INFO] Evénement chargé : interactionCreate
[2025-07-19 20:25:27] [INFO] Evénement chargé : ready
[2025-07-19 20:25:28] [INFO] Connexion réussie au bot NXST Tickets !
[2025-07-19 20:28:27] [INFO] Commande chargée : ouvrir
[2025-07-19 20:28:27] [INFO] Evénement chargé : interactionCreate
[2025-07-19 20:28:27] [INFO] Evénement chargé : ready
[2025-07-19 20:28:28] [INFO] Connexion réussie au bot NXST Tickets !
[2025-07-19 20:28:56] [INFO] Ticket support ouvert par gaaetanck (398177148768354324) [Autres]
[2025-07-19 20:29:08] [INFO] Ticket claimé par gaaetanck (398177148768354324)
[2025-07-19 20:29:22] [INFO] Ticket fermé par gaaetanck (398177148768354324) - Raison : Resolue
[2025-07-19 20:30:04] [INFO] Ticket boutique ouvert par gaaetanck (398177148768354324) [Achat: test]
[2025-07-19 20:30:21] [INFO] Ticket fermé par gaaetanck (398177148768354324) - Raison : aqSAZ
[2025-07-19 20:39:27] [INFO] Commande chargée : ouvrir
[2025-07-19 20:39:27] [INFO] Evénement chargé : interactionCreate
[2025-07-19 20:39:27] [INFO] Evénement chargé : ready
[2025-07-19 20:39:30] [INFO] Connexion réussie au bot NXST Tickets !
[2025-07-19 20:39:47] [INFO] Ticket support ouvert par gaaetanck (398177148768354324) [Bug]
[2025-07-19 20:40:01] [INFO] Ticket claimé par gaaetanck (398177148768354324)
[2025-07-19 20:50:35] [INFO] Commande chargée : ouvrir
[2025-07-19 20:50:35] [INFO] Evénement chargé : interactionCreate
[2025-07-19 20:50:35] [INFO] Evénement chargé : ready
[2025-07-19 20:50:37] [INFO] Connexion réussie au bot NXST Tickets !
[2025-07-19 20:51:09] [INFO] Ticket support ouvert par gaaetanck (398177148768354324) [HRP (Hors RP)]
[2025-07-19 21:13:32] [INFO] Commande chargée : ouvrir
[2025-07-19 21:14:20] [INFO] Commande chargée : ouvrir
[2025-07-19 21:19:49] [INFO] Commande chargée : ouvrir
[2025-07-19 21:19:49] [INFO] Evénement chargé : interactionCreate
[2025-07-19 21:19:49] [INFO] Evénement chargé : ready
[2025-07-19 21:19:50] [INFO] Connexion réussie au bot NXST Tickets !
[2025-07-19 21:20:08] [INFO] Ticket support ouvert par gaaetanck (398177148768354324) [Bug]
[2025-07-19 21:20:26] [INFO] Ticket claimé par gaaetanck (398177148768354324)
[2025-07-19 21:20:47] [INFO] Ticket fermé par gaaetanck (398177148768354324) - Raison : Résolue avec un probleme recurrent
[2025-07-19 21:34:08] [INFO] Commande chargée : ouvrir
[2025-07-19 21:34:08] [INFO] Evénement chargé : interactionCreate
[2025-07-19 21:34:08] [INFO] Evénement chargé : ready
[2025-07-19 21:34:10] [INFO] Connexion réussie au bot NXST Tickets !
[2025-07-19 21:40:19] [INFO] Commande chargée : ouvrir
